wandb: Currently logged in as: jiangmingjian (l2gen). Use `wandb login --relogin` to force relogin
wandb: Tracking run with wandb version 0.16.6
wandb: Run data is saved locally in /sailhome/jiangm/spring2024-assignment1-basics/wandb/run-20240416_033404-qspkj2vr
wandb: Run `wandb offline` to turn off syncing.
wandb: Syncing run lr0.001_bs512
wandb: ⭐️ View project at https://wandb.ai/l2gen/cs336_a1
wandb: 🚀 View run at https://wandb.ai/l2gen/cs336_a1/runs/qspkj2vr
Traceback (most recent call last):
  File "/nlp/scr/jiangm/miniconda3/envs/cs336_basics/lib/python3.10/runpy.py", line 196, in _run_module_as_main
    return _run_code(code, main_globals, None,
  File "/nlp/scr/jiangm/miniconda3/envs/cs336_basics/lib/python3.10/runpy.py", line 86, in _run_code
    exec(code, run_globals)
  File "/sailhome/jiangm/spring2024-assignment1-basics/cs336_basics/train.py", line 107, in <module>
    logits = model(source)
  File "/nlp/scr/jiangm/miniconda3/envs/cs336_basics/lib/python3.10/site-packages/torch/nn/modules/module.py", line 1511, in _wrapped_call_impl
    return self._call_impl(*args, **kwargs)
  File "/nlp/scr/jiangm/miniconda3/envs/cs336_basics/lib/python3.10/site-packages/torch/nn/modules/module.py", line 1520, in _call_impl
    return forward_call(*args, **kwargs)
  File "/sailhome/jiangm/spring2024-assignment1-basics/cs336_basics/models/transformer.py", line 75, in forward
    embeddings = layer(embeddings)
  File "/nlp/scr/jiangm/miniconda3/envs/cs336_basics/lib/python3.10/site-packages/torch/nn/modules/module.py", line 1511, in _wrapped_call_impl
    return self._call_impl(*args, **kwargs)
  File "/nlp/scr/jiangm/miniconda3/envs/cs336_basics/lib/python3.10/site-packages/torch/nn/modules/module.py", line 1520, in _call_impl
    return forward_call(*args, **kwargs)
  File "/sailhome/jiangm/spring2024-assignment1-basics/cs336_basics/models/transformer.py", line 30, in forward
    x = x + self.res_dropout(self.attn(x))
  File "/nlp/scr/jiangm/miniconda3/envs/cs336_basics/lib/python3.10/site-packages/torch/nn/modules/module.py", line 1511, in _wrapped_call_impl
    return self._call_impl(*args, **kwargs)
  File "/nlp/scr/jiangm/miniconda3/envs/cs336_basics/lib/python3.10/site-packages/torch/nn/modules/module.py", line 1520, in _call_impl
    return forward_call(*args, **kwargs)
  File "/sailhome/jiangm/spring2024-assignment1-basics/cs336_basics/models/attention.py", line 28, in forward
    attention = scaled_dot_product_attention(key, query, value, mask)  # (*, num_heads, seq_len, d_k)
  File "/sailhome/jiangm/spring2024-assignment1-basics/cs336_basics/utils.py", line 49, in scaled_dot_product_attention
    softmaxed_attention = softmax(attention_logit, dim=-1) # (batch_size, *, seq_len, seq_len)
  File "/sailhome/jiangm/spring2024-assignment1-basics/cs336_basics/utils.py", line 29, in softmax
    exp_x = torch.exp(x - max_x)
torch.cuda.OutOfMemoryError: CUDA out of memory. Tried to allocate 2.00 GiB. GPU 0 has a total capacity of 39.39 GiB of which 489.94 MiB is free. Including non-PyTorch memory, this process has 38.90 GiB memory in use. Of the allocated memory 38.32 GiB is allocated by PyTorch, and 97.00 MiB is reserved by PyTorch but unallocated. If reserved but unallocated memory is large try setting PYTORCH_CUDA_ALLOC_CONF=expandable_segments:True to avoid fragmentation.  See documentation for Memory Management  (https://pytorch.org/docs/stable/notes/cuda.html#environment-variables)
wandb: - 0.027 MB of 0.027 MB uploadedwandb: \ 0.027 MB of 0.031 MB uploadedwandb: | 0.027 MB of 0.034 MB uploadedwandb: 🚀 View run lr0.001_bs512 at: https://wandb.ai/l2gen/cs336_a1/runs/qspkj2vr
wandb: ⭐️ View project at: https://wandb.ai/l2gen/cs336_a1
wandb: Synced 6 W&B file(s), 0 media file(s), 0 artifact file(s) and 0 other file(s)
wandb: Find logs at: ./wandb/run-20240416_033404-qspkj2vr/logs
Namespace(lr=0.001, num_layers=4, num_heads=16, d_model=512, d_ff=2048, attn_pdrop=0.1, residual_pdrop=0.1, batch_size=512, val_batch_size=128, context_length=256, checkpoint='', resume=False, dataset='tinystories', grad_clip=1.0, total_tokens=12800000, pre_norm=False, layer_norm=True, parallel=False, group_name='ts_bs_search')
Vocab Size: 10000
srun: error: sphinx1: task 0: Exited with exit code 1
