wandb: Currently logged in as: jiangmingjian (l2gen). Use `wandb login --relogin` to force relogin
wandb: Tracking run with wandb version 0.16.6
wandb: Run data is saved locally in /sailhome/jiangm/spring2024-assignment1-basics/wandb/run-20240416_023324-1yfedhl6
wandb: Run `wandb offline` to turn off syncing.
wandb: Syncing run lr0.001_bs256
wandb: ⭐️ View project at https://wandb.ai/l2gen/cs336_a1
wandb: 🚀 View run at https://wandb.ai/l2gen/cs336_a1/runs/1yfedhl6
Traceback (most recent call last):
  File "/nlp/scr/jiangm/miniconda3/envs/cs336_basics/lib/python3.10/runpy.py", line 196, in _run_module_as_main
    return _run_code(code, main_globals, None,
  File "/nlp/scr/jiangm/miniconda3/envs/cs336_basics/lib/python3.10/runpy.py", line 86, in _run_code
    exec(code, run_globals)
  File "/sailhome/jiangm/spring2024-assignment1-basics/cs336_basics/train.py", line 95, in <module>
    logits = model(source)
  File "/nlp/scr/jiangm/miniconda3/envs/cs336_basics/lib/python3.10/site-packages/torch/nn/modules/module.py", line 1511, in _wrapped_call_impl
    return self._call_impl(*args, **kwargs)
  File "/nlp/scr/jiangm/miniconda3/envs/cs336_basics/lib/python3.10/site-packages/torch/nn/modules/module.py", line 1520, in _call_impl
    return forward_call(*args, **kwargs)
  File "/sailhome/jiangm/spring2024-assignment1-basics/cs336_basics/models/transformer.py", line 48, in forward
    output = self.output(embeddings) # (batch_size, seq_len, vocab_size)
  File "/nlp/scr/jiangm/miniconda3/envs/cs336_basics/lib/python3.10/site-packages/torch/nn/modules/module.py", line 1511, in _wrapped_call_impl
    return self._call_impl(*args, **kwargs)
  File "/nlp/scr/jiangm/miniconda3/envs/cs336_basics/lib/python3.10/site-packages/torch/nn/modules/module.py", line 1520, in _call_impl
    return forward_call(*args, **kwargs)
  File "/nlp/scr/jiangm/miniconda3/envs/cs336_basics/lib/python3.10/site-packages/torch/nn/modules/linear.py", line 116, in forward
    return F.linear(input, self.weight, self.bias)
torch.cuda.OutOfMemoryError: CUDA out of memory. Tried to allocate 2.44 GiB. GPU 0 has a total capacity of 23.64 GiB of which 1.44 GiB is free. Including non-PyTorch memory, this process has 22.20 GiB memory in use. Of the allocated memory 21.93 GiB is allocated by PyTorch, and 81.57 MiB is reserved by PyTorch but unallocated. If reserved but unallocated memory is large try setting PYTORCH_CUDA_ALLOC_CONF=expandable_segments:True to avoid fragmentation.  See documentation for Memory Management  (https://pytorch.org/docs/stable/notes/cuda.html#environment-variables)
wandb: - 0.003 MB of 0.003 MB uploadedwandb: \ 0.004 MB of 0.009 MB uploadedwandb: 🚀 View run lr0.001_bs256 at: https://wandb.ai/l2gen/cs336_a1/runs/1yfedhl6
wandb: ⭐️ View project at: https://wandb.ai/l2gen/cs336_a1
wandb: Synced 6 W&B file(s), 0 media file(s), 0 artifact file(s) and 0 other file(s)
wandb: Find logs at: ./wandb/run-20240416_023324-1yfedhl6/logs
Vocab Size: 10000
srun: error: jagupard26: task 0: Exited with exit code 1
